 
cpldfit:  version P.20131013                        Xilinx Inc.
                                  Fitter Report
Design Name: top                                 Date:  4-16-2019,  1:00PM
Device Used: XC2C256-6-TQ144
Fitting Status: Successful

*************************  Mapped Resource Summary  **************************

Macrocells     Product Terms    Function Block   Registers      Pins           
Used/Tot       Used/Tot         Inps Used/Tot    Used/Tot       Used/Tot       
50 /256 ( 20%) 126 /896  ( 14%) 98  /640  ( 15%) 38 /256 ( 15%) 18 /118 ( 15%)

** Function Block Resources **

Function Mcells   FB Inps  Pterms   IO       CTC      CTR      CTS      CTE     
Block    Used/Tot Used/Tot Used/Tot Used/Tot Used/Tot Used/Tot Used/Tot Used/Tot
FB1      16/16*    18/40    20/56     0/ 6    1/1*     0/1      0/1      0/1
FB2      16/16*    25/40    29/56     0/ 8    1/1*     0/1      0/1      0/1
FB3       3/16     12/40     6/56     0/ 6    1/1*     0/1      0/1      0/1
FB4       0/16      0/40     0/56     0/ 8    0/1      0/1      0/1      0/1
FB5       0/16      0/40     0/56     0/ 5    0/1      0/1      0/1      0/1
FB6       0/16      0/40     0/56     0/ 8    0/1      0/1      0/1      0/1
FB7       0/16      0/40     0/56     0/ 8    0/1      0/1      0/1      0/1
FB8       0/16      0/40     0/56     0/ 8    0/1      0/1      0/1      0/1
FB9       0/16      0/40     0/56     0/ 8    0/1      0/1      0/1      0/1
FB10      0/16      0/40     0/56     0/ 9    0/1      0/1      0/1      0/1
FB11      4/16      2/40     4/56     4/ 8    0/1      0/1      0/1      0/1
FB12      0/16      0/40     0/56     0/ 6    0/1      0/1      0/1      0/1
FB13      0/16      0/40     0/56     0/ 8    0/1      0/1      0/1      0/1
FB14      5/16     23/40    17/56     5/ 8    1/1*     0/1      0/1      0/1
FB15      0/16      0/40     0/56     0/ 7    0/1      0/1      0/1      0/1
FB16      6/16     18/40    50/56     6/ 7    0/1      0/1      0/1      0/1
         -----    -------  -------   -----    ---      ---      ---      ---
Total    50/256    98/640  126/896   15/118   4/16     0/16     0/16     0/16

CTC - Control Term Clock
CTR - Control Term Reset
CTS - Control Term Set
CTE - Control Term Output Enable

* - Resource is exhausted

** Global Control Resources **

GCK         GSR         GTS         DGE         
Used/Tot    Used/Tot    Used/Tot    Used/Tot    
1/3         1/1         0/4         0/1

Signal 'clk_i' mapped onto global clock net GCK2.
Signal 'btn_i<0>' mapped onto global set/reset net GSR.

** Pin Resources **

Signal Type    Required     Mapped  |  Pin Type            Used    Total 
------------------------------------|------------------------------------
Input         :    1           1    |  I/O              :    15    108
Output        :   15          15    |  GCK/IO           :     1      3
Bidirectional :    0           0    |  GTS/IO           :     0      4
GCK           :    1           1    |  GSR/IO           :     1      1
GTS           :    0           0    |  CDR/IO           :     0      1
GSR           :    1           1    |  DGE/IO           :     1      1
                 ----        ----
        Total     18          18

End of Mapped Resource Summary
**************************  Errors and Warnings  ***************************

WARNING:Cpld - Unable to retrieve the path to the iSE Project Repository. Will
   use the default filename of 'top.ise'.
INFO:Cpld - Inferring BUFG constraint for signal 'clk_i' based upon the LOC
   constraint 'P38'. It is recommended that you declare this BUFG explicitedly
   in your design. Note that for certain device families the output of a BUFG
   constraint can not drive a gated clock, and the BUFG constraint will be
   ignored.
*************************  Summary of Mapped Logic  ************************

** 15 Outputs **

Signal                    Total Total Bank Loc     Pin   Pin       Pin     I/O      I/O       Slew Reg     Reg Init
Name                      Pts   Inps               No.   Type      Use     STD      Style     Rate Use     State
disp_digit_o<0>           1     2     2    FB11_13 126   I/O       O       LVCMOS18           FAST         
disp_digit_o<1>           1     2     2    FB11_14 128   I/O       O       LVCMOS18           FAST         
disp_digit_o<2>           1     2     2    FB11_15 129   I/O       O       LVCMOS18           FAST         
disp_digit_o<3>           1     2     2    FB11_16 130   I/O       O       LVCMOS18           FAST         
led_o<0>                  2     5     1    FB14_4  69    I/O       O       LVCMOS18           FAST LATCH   RESET
led_o<1>                  2     4     1    FB14_6  68    I/O       O       LVCMOS18           FAST LATCH   RESET
led_o<2>                  3     5     1    FB14_13 66    I/O       O       LVCMOS18           FAST LATCH   RESET
led_o<3>                  2     3     1    FB14_14 64    I/O       O       LVCMOS18           FAST LATCH   RESET
disp_sseg_o<0>            12    18    1    FB14_16 61    I/O       O       LVCMOS18           FAST         
disp_sseg_o<4>            12    18    1    FB16_5  60    I/O       O       LVCMOS18           FAST         
disp_sseg_o<3>            16    18    1    FB16_11 58    I/O       O       LVCMOS18           FAST         
disp_sseg_o<2>            12    18    1    FB16_12 57    I/O       O       LVCMOS18           FAST         
disp_sseg_o<6>            8     18    1    FB16_13 56    I/O       O       LVCMOS18           FAST         
disp_sseg_o<1>            12    18    1    FB16_15 54    I/O       O       LVCMOS18           FAST         
disp_sseg_o<5>            16    18    1    FB16_16 53    I/O       O       LVCMOS18           FAST         

** 35 Buried Nodes **

Signal                    Total Total Loc     Reg     Reg Init
Name                      Pts   Inps          Use     State
vystup_2<1>               3     8     FB1_1   TFF     RESET
vystup_2<2>               2     6     FB1_2   TFF     RESET
vystup_4<0>               1     4     FB1_3   TFF     RESET
vystup_3<3>               3     8     FB1_4   TFF     RESET
vystup_2<0>               1     4     FB1_5   TFF     RESET
vystup_3<1>               3     8     FB1_6   TFF     RESET
DISPMUX/s_clk_mux<6>      1     6     FB1_7   TFF     RESET
DISPMUX/s_clk_mux<5>      1     5     FB1_8   TFF     RESET
DISPMUX/BINCNT/s_reg_0_4  1     4     FB1_9   TFF     RESET
DISPMUX/BINCNT/s_reg_0_3  1     3     FB1_10  TFF     RESET
DISPMUX/BINCNT/s_reg_0_2  1     2     FB1_11  TFF     RESET
vystup_3<2>               2     6     FB1_12  TFF     RESET
vystup_3<0>               1     4     FB1_13  TFF     RESET
vystup_2<3>               3     8     FB1_14  TFF     RESET
DISPMUX/BINCNT/s_reg_0_1  1     1     FB1_15  TFF     RESET
DISPMUX/BINCNT/s_reg_0_0  0     0     FB1_16  TFF     RESET
vystup_4<1>               3     8     FB2_1   TFF     RESET
DELIC_F/s_reg<4>          2     6     FB2_2   TFF     RESET
vystup_5<2>               3     8     FB2_3   TFF     RESET
vystup_5<0>               2     8     FB2_4   TFF     RESET
vystup_5<3>               2     7     FB2_5   TFF     RESET
DELIC_F/s_reg<2>          4     9     FB2_6   TFF     RESET
DELIC_F/s_reg<6>          3     9     FB2_7   TFF     RESET
DELIC_F/s_reg<5>          3     9     FB2_8   TFF     RESET
vystup_1<0>               1     7     FB2_9   TFF     RESET
vystup_1<2>               2     9     FB2_10  TFF     RESET
vystup_1<3>               3     11    FB2_11  TFF     RESET
vystup_5<1>               2     5     FB2_12  TFF     RESET
DELIC_F/s_reg<0>          1     2     FB2_13  TFF     RESET
DELIC_F/s_reg<1>          2     3     FB2_14  TFF     RESET
DELIC_F/s_reg<3>          2     5     FB2_15  TFF     RESET
vystup_1<1>               3     11    FB2_16  TFF     RESET
N_PZ_229                  2     4     FB3_12          
vystup_4<3>               2     7     FB3_13  TFF     RESET
vystup_4<2>               3     8     FB3_15  TFF     RESET

** 3 Inputs **

Signal                    Bank Loc     Pin   Pin       Pin     I/O      I/O
Name                                   No.   Type      Use     STD      Style
btn_i<0>                  2    FB1_3   143   GSR/I/O   GSR     LVCMOS18 KPR
clk_i                     1    FB6_4   38    GCK/I/O   GCK/I   LVCMOS18 KPR
sw_i<0>                   1    FB6_12  39    DGE/I/O   I       LVCMOS18 KPR

Legend:
Pin No.   - ~     - User Assigned
I/O Style - OD    - OpenDrain
          - PU    - Pullup
          - KPR   - Keeper
          - S     - SchmittTrigger
          - DG    - DataGate
Reg Use   - LATCH - Transparent latch
          - DFF   - D-flip-flop
          - DEFF  - D-flip-flop with clock enable
          - TFF   - T-flip-flop
          - TDFF  - Dual-edge-triggered T-flip-flop
          - DDFF  - Dual-edge-triggered flip-flop
          - DDEFF - Dual-edge-triggered flip-flop with clock enable
          /S (after any above flop/latch type) indicates initial state is Set
**************************  Function Block Details  ************************
Legend:
Total Pt     - Total product terms used by the macrocell signal
Loc          - Location where logic was mapped in device
Pin Type/Use - I  - Input             GCK - Global clock
               O  - Output            GTS - Global Output Enable
              (b) - Buried macrocell  GSR - Global Set/Reset
              VRF - Vref
Pin No.      - ~  - User Assigned
*********************************** FB1  ***********************************
This function block is part of I/O Bank number:               2
Number of function block inputs used/remaining:               18/22
Number of function block control terms used/remaining:        1/3
Number of PLA product terms used/remaining:                   20/36
Signal                        Total Loc     Pin  Pin     Pin   CTC CTR CTS CTE
Name                          Pt            No.  Type    Use   
vystup_2<1>                   3     FB1_1        (b)     (b)               
vystup_2<2>                   2     FB1_2        (b)     (b)               
vystup_4<0>                   1     FB1_3   143  GSR/I/O GSR               
vystup_3<3>                   3     FB1_4   142  I/O     (b)    +          
vystup_2<0>                   1     FB1_5        (b)     (b)               
vystup_3<1>                   3     FB1_6   140  I/O     (b)    +          
DISPMUX/s_clk_mux<6>          1     FB1_7        (b)     (b)               
DISPMUX/s_clk_mux<5>          1     FB1_8        (b)     (b)               
DISPMUX/BINCNT/s_reg_0_4      1     FB1_9        (b)     (b)               
DISPMUX/BINCNT/s_reg_0_3      1     FB1_10       (b)     (b)               
DISPMUX/BINCNT/s_reg_0_2      1     FB1_11       (b)     (b)               
vystup_3<2>                   2     FB1_12  139  I/O     (b)    +          
vystup_3<0>                   1     FB1_13  138  I/O     (b)    +          
vystup_2<3>                   3     FB1_14  137  I/O     (b)               
DISPMUX/BINCNT/s_reg_0_1      1     FB1_15       (b)     (b)               
DISPMUX/BINCNT/s_reg_0_0      0     FB1_16       (b)     (b)               

Signals Used by Logic in Function Block
  1: DISPMUX/BINCNT/s_reg_0_0   7: vystup_1<0>       13: vystup_2<2> 
  2: DISPMUX/BINCNT/s_reg_0_1   8: vystup_1<1>       14: vystup_2<3> 
  3: DISPMUX/BINCNT/s_reg_0_2   9: vystup_1<2>       15: vystup_3<0> 
  4: DISPMUX/BINCNT/s_reg_0_3  10: vystup_1<3>       16: vystup_3<1> 
  5: DISPMUX/BINCNT/s_reg_0_4  11: vystup_2<0>       17: vystup_3<2> 
  6: DISPMUX/s_clk_mux<5>      12: vystup_2<1>       18: vystup_3<3> 

Signal                     1         2         3         4 FB      
Name             0----+----0----+----0----+----0----+----0 Inputs  
vystup_2<1>       ......XXXXXXXX.......................... 8       
vystup_2<2>       ......XXXXXX............................ 6       
vystup_4<0>       ..............XXXX...................... 4       
vystup_3<3>       ..........XXXXXXXX...................... 8       
vystup_2<0>       ......XXXX.............................. 4       
vystup_3<1>       ..........XXXXXXXX...................... 8       
DISPMUX/s_clk_mux<6> 
                  XXXXXX.................................. 6       
DISPMUX/s_clk_mux<5> 
                  XXXXX................................... 5       
DISPMUX/BINCNT/s_reg_0_4 
                  XXXX.................................... 4       
DISPMUX/BINCNT/s_reg_0_3 
                  XXX..................................... 3       
DISPMUX/BINCNT/s_reg_0_2 
                  XX...................................... 2       
vystup_3<2>       ..........XXXXXX........................ 6       
vystup_3<0>       ..........XXXX.......................... 4       
vystup_2<3>       ......XXXXXXXX.......................... 8       
DISPMUX/BINCNT/s_reg_0_1 
                  X....................................... 1       
DISPMUX/BINCNT/s_reg_0_0 
                  ........................................ 0       
                 0----+----1----+----2----+----3----+----4
                           0         0         0         0
*********************************** FB2  ***********************************
This function block is part of I/O Bank number:               2
Number of function block inputs used/remaining:               25/15
Number of function block control terms used/remaining:        1/3
Number of PLA product terms used/remaining:                   29/27
Signal                        Total Loc     Pin  Pin     Pin   CTC CTR CTS CTE
Name                          Pt            No.  Type    Use   
vystup_4<1>                   3     FB2_1   2    GTS/I/O (b)               
DELIC_F/s_reg<4>              2     FB2_2        (b)     (b)    +          
vystup_5<2>                   3     FB2_3   3    GTS/I/O (b)               
vystup_5<0>                   2     FB2_4   4    I/O     (b)               
vystup_5<3>                   2     FB2_5   5    GTS/I/O (b)               
DELIC_F/s_reg<2>              4     FB2_6        (b)     (b)    +          
DELIC_F/s_reg<6>              3     FB2_7        (b)     (b)    +          
DELIC_F/s_reg<5>              3     FB2_8        (b)     (b)    +          
vystup_1<0>                   1     FB2_9        (b)     (b)               
vystup_1<2>                   2     FB2_10       (b)     (b)               
vystup_1<3>                   3     FB2_11       (b)     (b)               
vystup_5<1>                   2     FB2_12  6    GTS/I/O (b)               
DELIC_F/s_reg<0>              1     FB2_13  7    I/O     (b)    +          
DELIC_F/s_reg<1>              2     FB2_14  9    I/O     (b)    +          
DELIC_F/s_reg<3>              2     FB2_15  10   I/O     (b)    +          
vystup_1<1>                   3     FB2_16       (b)     (b)               

Signals Used by Logic in Function Block
  1: DELIC_F/s_reg<0>  10: vystup_1<0>       18: vystup_4<0> 
  2: DELIC_F/s_reg<1>  11: vystup_1<1>       19: vystup_4<1> 
  3: DELIC_F/s_reg<2>  12: vystup_1<2>       20: vystup_4<2> 
  4: DELIC_F/s_reg<3>  13: vystup_1<3>       21: vystup_4<3> 
  5: DELIC_F/s_reg<4>  14: vystup_3<0>       22: vystup_5<0> 
  6: DELIC_F/s_reg<5>  15: vystup_3<1>       23: vystup_5<1> 
  7: DELIC_F/s_reg<6>  16: vystup_3<2>       24: vystup_5<2> 
  8: clk_i             17: vystup_3<3>       25: vystup_5<3> 
  9: sw_i<0>          

Signal                     1         2         3         4 FB      
Name             0----+----0----+----0----+----0----+----0 Inputs  
vystup_4<1>       .............XXXXXXXX................... 8       
DELIC_F/s_reg<4>  XXXX...XX............................... 6       
vystup_5<2>       .................XXXXXXXX............... 8       
vystup_5<0>       .................XXXXXXXX............... 8       
vystup_5<3>       .................XXXXXXX................ 7       
DELIC_F/s_reg<2>  XXXXXXXXX............................... 9       
DELIC_F/s_reg<6>  XXXXXXXXX............................... 9       
DELIC_F/s_reg<5>  XXXXXXXXX............................... 9       
vystup_1<0>       XXXXXXX................................. 7       
vystup_1<2>       XXXXXXX..XX............................. 9       
vystup_1<3>       XXXXXXX..XXXX........................... 11      
vystup_5<1>       .................XXXXX.................. 5       
DELIC_F/s_reg<0>  .......XX............................... 2       
DELIC_F/s_reg<1>  X......XX............................... 3       
DELIC_F/s_reg<3>  XXX....XX............................... 5       
vystup_1<1>       XXXXXXX..XXXX........................... 11      
                 0----+----1----+----2----+----3----+----4
                           0         0         0         0
*********************************** FB3  ***********************************
This function block is part of I/O Bank number:               2
Number of function block inputs used/remaining:               12/28
Number of function block control terms used/remaining:        1/3
Number of PLA product terms used/remaining:                   6/50
Signal                        Total Loc     Pin  Pin     Pin   CTC CTR CTS CTE
Name                          Pt            No.  Type    Use   
(unused)                      0     FB3_1   136  I/O           
(unused)                      0     FB3_2   135  I/O           
(unused)                      0     FB3_3   134  I/O           
(unused)                      0     FB3_4        (b)           
(unused)                      0     FB3_5   133  I/O           
(unused)                      0     FB3_6        (b)           
(unused)                      0     FB3_7        (b)           
(unused)                      0     FB3_8        (b)           
(unused)                      0     FB3_9        (b)           
(unused)                      0     FB3_10       (b)           
(unused)                      0     FB3_11       (b)           
N_PZ_229                      2     FB3_12       (b)     (b)               
vystup_4<3>                   2     FB3_13       (b)     (b)    +          
(unused)                      0     FB3_14  132  I/O           
vystup_4<2>                   3     FB3_15       (b)     (b)    +          
(unused)                      0     FB3_16  131  I/O           

Signals Used by Logic in Function Block
  1: vystup_3<0>        5: vystup_4<0>        9: vystup_5<0> 
  2: vystup_3<1>        6: vystup_4<1>       10: vystup_5<1> 
  3: vystup_3<2>        7: vystup_4<2>       11: vystup_5<2> 
  4: vystup_3<3>        8: vystup_4<3>       12: vystup_5<3> 

Signal                     1         2         3         4 FB      
Name             0----+----0----+----0----+----0----+----0 Inputs  
N_PZ_229          ........XXXX............................ 4       
vystup_4<3>       XXXXXXX................................. 7       
vystup_4<2>       XXXXXXXX................................ 8       
                 0----+----1----+----2----+----3----+----4
                           0         0         0         0
*********************************** FB4  ***********************************
This function block is part of I/O Bank number:               2
Number of function block inputs used/remaining:               0/40
Number of function block control terms used/remaining:        0/4
Number of PLA product terms used/remaining:                   0/56
Signal                        Total Loc     Pin  Pin     Pin   CTC CTR CTS CTE
Name                          Pt            No.  Type    Use   
(unused)                      0     FB4_1   11   I/O           
(unused)                      0     FB4_2   12   I/O           
(unused)                      0     FB4_3   13   I/O           
(unused)                      0     FB4_4   14   I/O           
(unused)                      0     FB4_5   15   I/O           
(unused)                      0     FB4_6   16   I/O           
(unused)                      0     FB4_7        (b)           
(unused)                      0     FB4_8        (b)           
(unused)                      0     FB4_9        (b)           
(unused)                      0     FB4_10       (b)           
(unused)                      0     FB4_11       (b)           
(unused)                      0     FB4_12  17   I/O           
(unused)                      0     FB4_13       (b)           
(unused)                      0     FB4_14  18   I/O           
(unused)                      0     FB4_15       (b)           
(unused)                      0     FB4_16       (b)           
*********************************** FB5  ***********************************
This function block is part of I/O Bank number:               1
Number of function block inputs used/remaining:               0/40
Number of function block control terms used/remaining:        0/4
Number of PLA product terms used/remaining:                   0/56
Signal                        Total Loc     Pin  Pin     Pin   CTC CTR CTS CTE
Name                          Pt            No.  Type    Use   
(unused)                      0     FB5_1        (b)           
(unused)                      0     FB5_2   33   I/O           
(unused)                      0     FB5_3        (b)           
(unused)                      0     FB5_4   32   GCK/I/O       
(unused)                      0     FB5_5   31   I/O           
(unused)                      0     FB5_6   30   GCK/I/O       
(unused)                      0     FB5_7        (b)           
(unused)                      0     FB5_8        (b)           
(unused)                      0     FB5_9        (b)           
(unused)                      0     FB5_10       (b)           
(unused)                      0     FB5_11       (b)           
(unused)                      0     FB5_12       (b)           
(unused)                      0     FB5_13       (b)           
(unused)                      0     FB5_14  28   I/O           
(unused)                      0     FB5_15       (b)           
(unused)                      0     FB5_16       (b)           
*********************************** FB6  ***********************************
This function block is part of I/O Bank number:               1
Number of function block inputs used/remaining:               0/40
Number of function block control terms used/remaining:        0/4
Number of PLA product terms used/remaining:                   0/56
Signal                        Total Loc     Pin  Pin     Pin   CTC CTR CTS CTE
Name                          Pt            No.  Type    Use   
(unused)                      0     FB6_1   34   I/O           
(unused)                      0     FB6_2   35   CDR/I/O       
(unused)                      0     FB6_3        (b)           
(unused)                      0     FB6_4   38   GCK/I/O GCK/I 
(unused)                      0     FB6_5        (b)           
(unused)                      0     FB6_6        (b)           
(unused)                      0     FB6_7        (b)           
(unused)                      0     FB6_8        (b)           
(unused)                      0     FB6_9        (b)           
(unused)                      0     FB6_10       (b)           
(unused)                      0     FB6_11       (b)           
(unused)                      0     FB6_12  39   DGE/I/O I     
(unused)                      0     FB6_13  40   I/O           
(unused)                      0     FB6_14  41   I/O           
(unused)                      0     FB6_15  42   I/O           
(unused)                      0     FB6_16  43   I/O           
*********************************** FB7  ***********************************
This function block is part of I/O Bank number:               1
Number of function block inputs used/remaining:               0/40
Number of function block control terms used/remaining:        0/4
Number of PLA product terms used/remaining:                   0/56
Signal                        Total Loc     Pin  Pin     Pin   CTC CTR CTS CTE
Name                          Pt            No.  Type    Use   
(unused)                      0     FB7_1        (b)           
(unused)                      0     FB7_2        (b)           
(unused)                      0     FB7_3        (b)           
(unused)                      0     FB7_4        (b)           
(unused)                      0     FB7_5   26   I/O           
(unused)                      0     FB7_6   25   I/O           
(unused)                      0     FB7_7        (b)           
(unused)                      0     FB7_8        (b)           
(unused)                      0     FB7_9        (b)           
(unused)                      0     FB7_10       (b)           
(unused)                      0     FB7_11  24   I/O           
(unused)                      0     FB7_12  23   I/O           
(unused)                      0     FB7_13  22   I/O           
(unused)                      0     FB7_14  21   I/O           
(unused)                      0     FB7_15  20   I/O           
(unused)                      0     FB7_16  19   I/O           
*********************************** FB8  ***********************************
This function block is part of I/O Bank number:               1
Number of function block inputs used/remaining:               0/40
Number of function block control terms used/remaining:        0/4
Number of PLA product terms used/remaining:                   0/56
Signal                        Total Loc     Pin  Pin     Pin   CTC CTR CTS CTE
Name                          Pt            No.  Type    Use   
(unused)                      0     FB8_1   44   I/O           
(unused)                      0     FB8_2   45   I/O           
(unused)                      0     FB8_3   46   I/O           
(unused)                      0     FB8_4        (b)           
(unused)                      0     FB8_5   48   I/O           
(unused)                      0     FB8_6   49   I/O           
(unused)                      0     FB8_7        (b)           
(unused)                      0     FB8_8        (b)           
(unused)                      0     FB8_9        (b)           
(unused)                      0     FB8_10       (b)           
(unused)                      0     FB8_11  50   I/O           
(unused)                      0     FB8_12  51   I/O           
(unused)                      0     FB8_13  52   I/O           
(unused)                      0     FB8_14       (b)           
(unused)                      0     FB8_15       (b)           
(unused)                      0     FB8_16       (b)           
*********************************** FB9  ***********************************
This function block is part of I/O Bank number:               2
Number of function block inputs used/remaining:               0/40
Number of function block control terms used/remaining:        0/4
Number of PLA product terms used/remaining:                   0/56
Signal                        Total Loc     Pin  Pin     Pin   CTC CTR CTS CTE
Name                          Pt            No.  Type    Use   
(unused)                      0     FB9_1   112  I/O           
(unused)                      0     FB9_2   113  I/O           
(unused)                      0     FB9_3        (b)           
(unused)                      0     FB9_4   114  I/O           
(unused)                      0     FB9_5        (b)           
(unused)                      0     FB9_6   115  I/O           
(unused)                      0     FB9_7        (b)           
(unused)                      0     FB9_8        (b)           
(unused)                      0     FB9_9        (b)           
(unused)                      0     FB9_10       (b)           
(unused)                      0     FB9_11       (b)           
(unused)                      0     FB9_12  116  I/O           
(unused)                      0     FB9_13  117  I/O           
(unused)                      0     FB9_14  118  I/O           
(unused)                      0     FB9_15  119  I/O           
(unused)                      0     FB9_16       (b)           
*********************************** FB10 ***********************************
This function block is part of I/O Bank number:               2
Number of function block inputs used/remaining:               0/40
Number of function block control terms used/remaining:        0/4
Number of PLA product terms used/remaining:                   0/56
Signal                        Total Loc     Pin  Pin     Pin   CTC CTR CTS CTE
Name                          Pt            No.  Type    Use   
(unused)                      0     FB10_1  111  I/O           
(unused)                      0     FB10_2  110  I/O           
(unused)                      0     FB10_3  107  I/O           
(unused)                      0     FB10_4  106  I/O           
(unused)                      0     FB10_5  105  I/O           
(unused)                      0     FB10_6  104  I/O           
(unused)                      0     FB10_7       (b)           
(unused)                      0     FB10_8       (b)           
(unused)                      0     FB10_9       (b)           
(unused)                      0     FB10_10      (b)           
(unused)                      0     FB10_11      (b)           
(unused)                      0     FB10_12 103  I/O           
(unused)                      0     FB10_13      (b)           
(unused)                      0     FB10_14 102  I/O           
(unused)                      0     FB10_15      (b)           
(unused)                      0     FB10_16 101  I/O           
*********************************** FB11 ***********************************
This function block is part of I/O Bank number:               2
Number of function block inputs used/remaining:               2/38
Number of function block control terms used/remaining:        0/4
Number of PLA product terms used/remaining:                   4/52
Signal                        Total Loc     Pin  Pin     Pin   CTC CTR CTS CTE
Name                          Pt            No.  Type    Use   
(unused)                      0     FB11_1       (b)           
(unused)                      0     FB11_2       (b)           
(unused)                      0     FB11_3       (b)           
(unused)                      0     FB11_4       (b)           
(unused)                      0     FB11_5  120  I/O           
(unused)                      0     FB11_6  121  I/O           
(unused)                      0     FB11_7       (b)           
(unused)                      0     FB11_8       (b)           
(unused)                      0     FB11_9       (b)           
(unused)                      0     FB11_10      (b)           
(unused)                      0     FB11_11 124  I/O           
(unused)                      0     FB11_12 125  I/O           
disp_digit_o<0>               1     FB11_13 126  I/O     O                 
disp_digit_o<1>               1     FB11_14 128  I/O     O                 
disp_digit_o<2>               1     FB11_15 129  I/O     O                 
disp_digit_o<3>               1     FB11_16 130  I/O     O                 

Signals Used by Logic in Function Block
  1: DISPMUX/s_clk_mux<5>   2: DISPMUX/s_clk_mux<6> 

Signal                     1         2         3         4 FB      
Name             0----+----0----+----0----+----0----+----0 Inputs  
disp_digit_o<0>   XX...................................... 2       
disp_digit_o<1>   XX...................................... 2       
disp_digit_o<2>   XX...................................... 2       
disp_digit_o<3>   XX...................................... 2       
                 0----+----1----+----2----+----3----+----4
                           0         0         0         0
*********************************** FB12 ***********************************
This function block is part of I/O Bank number:               2
Number of function block inputs used/remaining:               0/40
Number of function block control terms used/remaining:        0/4
Number of PLA product terms used/remaining:                   0/56
Signal                        Total Loc     Pin  Pin     Pin   CTC CTR CTS CTE
Name                          Pt            No.  Type    Use   
(unused)                      0     FB12_1       (b)           
(unused)                      0     FB12_2  100  I/O           
(unused)                      0     FB12_3       (b)           
(unused)                      0     FB12_4       (b)           
(unused)                      0     FB12_5       (b)           
(unused)                      0     FB12_6       (b)           
(unused)                      0     FB12_7       (b)           
(unused)                      0     FB12_8       (b)           
(unused)                      0     FB12_9       (b)           
(unused)                      0     FB12_10      (b)           
(unused)                      0     FB12_11 98   I/O           
(unused)                      0     FB12_12 97   I/O           
(unused)                      0     FB12_13 96   I/O           
(unused)                      0     FB12_14 95   I/O           
(unused)                      0     FB12_15 94   I/O           
(unused)                      0     FB12_16      (b)           
*********************************** FB13 ***********************************
This function block is part of I/O Bank number:               1
Number of function block inputs used/remaining:               0/40
Number of function block control terms used/remaining:        0/4
Number of PLA product terms used/remaining:                   0/56
Signal                        Total Loc     Pin  Pin     Pin   CTC CTR CTS CTE
Name                          Pt            No.  Type    Use   
(unused)                      0     FB13_1  75   I/O           
(unused)                      0     FB13_2  76   I/O           
(unused)                      0     FB13_3  77   I/O           
(unused)                      0     FB13_4       (b)           
(unused)                      0     FB13_5  78   I/O           
(unused)                      0     FB13_6  79   I/O           
(unused)                      0     FB13_7       (b)           
(unused)                      0     FB13_8       (b)           
(unused)                      0     FB13_9       (b)           
(unused)                      0     FB13_10      (b)           
(unused)                      0     FB13_11      (b)           
(unused)                      0     FB13_12 80   I/O           
(unused)                      0     FB13_13 81   I/O           
(unused)                      0     FB13_14 82   I/O           
(unused)                      0     FB13_15      (b)           
(unused)                      0     FB13_16      (b)           
*********************************** FB14 ***********************************
This function block is part of I/O Bank number:               1
Number of function block inputs used/remaining:               23/17
Number of function block control terms used/remaining:        1/3
Number of PLA product terms used/remaining:                   17/39
Signal                        Total Loc     Pin  Pin     Pin   CTC CTR CTS CTE
Name                          Pt            No.  Type    Use   
(unused)                      0     FB14_1  74   I/O           
(unused)                      0     FB14_2  71   I/O           
(unused)                      0     FB14_3  70   I/O           
led_o<0>                      2     FB14_4  69   I/O     O      +          
(unused)                      0     FB14_5       (b)           
led_o<1>                      2     FB14_6  68   I/O     O      +          
(unused)                      0     FB14_7       (b)           
(unused)                      0     FB14_8       (b)           
(unused)                      0     FB14_9       (b)           
(unused)                      0     FB14_10      (b)           
(unused)                      0     FB14_11      (b)           
(unused)                      0     FB14_12      (b)           
led_o<2>                      3     FB14_13 66   I/O     O      +          
led_o<3>                      2     FB14_14 64   I/O     O      +          
(unused)                      0     FB14_15      (b)           
disp_sseg_o<0>                12    FB14_16 61   I/O     O                 

Signals Used by Logic in Function Block
  1: DISPMUX/s_clk_mux<5>   9: vystup_2<1>       17: vystup_4<1> 
  2: DISPMUX/s_clk_mux<6>  10: vystup_2<2>       18: vystup_4<2> 
  3: N_PZ_229              11: vystup_2<3>       19: vystup_4<3> 
  4: vystup_1<0>           12: vystup_3<0>       20: vystup_5<0> 
  5: vystup_1<1>           13: vystup_3<1>       21: vystup_5<1> 
  6: vystup_1<2>           14: vystup_3<2>       22: vystup_5<2> 
  7: vystup_1<3>           15: vystup_3<3>       23: vystup_5<3> 
  8: vystup_2<0>           16: vystup_4<0>      

Signal                     1         2         3         4 FB      
Name             0----+----0----+----0----+----0----+----0 Inputs  
led_o<0>          ..X................XXXX................. 5       
led_o<1>          ..X.................XXX................. 4       
led_o<2>          ..X................XXXX................. 5       
led_o<3>          ..X..................XX................. 3       
disp_sseg_o<0>    XX.XXXXXXXXXXXXXXXX..................... 18      
                 0----+----1----+----2----+----3----+----4
                           0         0         0         0
*********************************** FB15 ***********************************
This function block is part of I/O Bank number:               1
Number of function block inputs used/remaining:               0/40
Number of function block control terms used/remaining:        0/4
Number of PLA product terms used/remaining:                   0/56
Signal                        Total Loc     Pin  Pin     Pin   CTC CTR CTS CTE
Name                          Pt            No.  Type    Use   
(unused)                      0     FB15_1       (b)           
(unused)                      0     FB15_2  83   I/O           
(unused)                      0     FB15_3       (b)           
(unused)                      0     FB15_4       (b)           
(unused)                      0     FB15_5       (b)           
(unused)                      0     FB15_6       (b)           
(unused)                      0     FB15_7       (b)           
(unused)                      0     FB15_8       (b)           
(unused)                      0     FB15_9       (b)           
(unused)                      0     FB15_10      (b)           
(unused)                      0     FB15_11 85   I/O           
(unused)                      0     FB15_12 86   I/O           
(unused)                      0     FB15_13 87   I/O           
(unused)                      0     FB15_14 88   I/O           
(unused)                      0     FB15_15 91   I/O           
(unused)                      0     FB15_16 92   I/O           
*********************************** FB16 ***********************************
This function block is part of I/O Bank number:               1
Number of function block inputs used/remaining:               18/22
Number of function block control terms used/remaining:        0/4
Number of PLA product terms used/remaining:                   50/6
Signal                        Total Loc     Pin  Pin     Pin   CTC CTR CTS CTE
Name                          Pt            No.  Type    Use   
(unused)                      0     FB16_1       (b)           
(unused)                      0     FB16_2       (b)           
(unused)                      0     FB16_3       (b)           
(unused)                      0     FB16_4       (b)           
disp_sseg_o<4>                12    FB16_5  60   I/O     O                 
(unused)                      0     FB16_6  59   I/O           
(unused)                      0     FB16_7       (b)           
(unused)                      0     FB16_8       (b)           
(unused)                      0     FB16_9       (b)           
(unused)                      0     FB16_10      (b)           
disp_sseg_o<3>                16    FB16_11 58   I/O     O                 
disp_sseg_o<2>                12    FB16_12 57   I/O     O                 
disp_sseg_o<6>                8     FB16_13 56   I/O     O                 
(unused)                      0     FB16_14      (b)           
disp_sseg_o<1>                12    FB16_15 54   I/O     O                 
disp_sseg_o<5>                16    FB16_16 53   I/O     O                 

Signals Used by Logic in Function Block
  1: DISPMUX/s_clk_mux<5>   7: vystup_2<0>       13: vystup_3<2> 
  2: DISPMUX/s_clk_mux<6>   8: vystup_2<1>       14: vystup_3<3> 
  3: vystup_1<0>            9: vystup_2<2>       15: vystup_4<0> 
  4: vystup_1<1>           10: vystup_2<3>       16: vystup_4<1> 
  5: vystup_1<2>           11: vystup_3<0>       17: vystup_4<2> 
  6: vystup_1<3>           12: vystup_3<1>       18: vystup_4<3> 

Signal                     1         2         3         4 FB      
Name             0----+----0----+----0----+----0----+----0 Inputs  
disp_sseg_o<4>    XXXXXXXXXXXXXXXXXX...................... 18      
disp_sseg_o<3>    XXXXXXXXXXXXXXXXXX...................... 18      
disp_sseg_o<2>    XXXXXXXXXXXXXXXXXX...................... 18      
disp_sseg_o<6>    XXXXXXXXXXXXXXXXXX...................... 18      
disp_sseg_o<1>    XXXXXXXXXXXXXXXXXX...................... 18      
disp_sseg_o<5>    XXXXXXXXXXXXXXXXXX...................... 18      
                 0----+----1----+----2----+----3----+----4
                           0         0         0         0
*******************************  Equations  ********************************

********** Mapped Logic **********

FTCPE_DELIC_F/s_reg0: FTCPE port map (DELIC_F/s_reg(0),'0',DELIC_F/s_reg_C(0),'0','0','1');
DELIC_F/s_reg_C(0) <= (clk_i AND sw_i(0));

FTCPE_DELIC_F/s_reg1: FTCPE port map (DELIC_F/s_reg(1),DELIC_F/s_reg(0),DELIC_F/s_reg_C(1),'0','0','1');
DELIC_F/s_reg_C(1) <= (clk_i AND sw_i(0));

FTCPE_DELIC_F/s_reg2: FTCPE port map (DELIC_F/s_reg(2),DELIC_F/s_reg_T(2),DELIC_F/s_reg_C(2),'0','0','1');
DELIC_F/s_reg_T(2) <= NOT (((NOT DELIC_F/s_reg(0))
	OR (NOT DELIC_F/s_reg(1))
	OR (NOT DELIC_F/s_reg(2) AND NOT DELIC_F/s_reg(3) AND 
	NOT DELIC_F/s_reg(4) AND DELIC_F/s_reg(5) AND DELIC_F/s_reg(6))));
DELIC_F/s_reg_C(2) <= (clk_i AND sw_i(0));

FTCPE_DELIC_F/s_reg3: FTCPE port map (DELIC_F/s_reg(3),DELIC_F/s_reg_T(3),DELIC_F/s_reg_C(3),'0','0','1');
DELIC_F/s_reg_T(3) <= (DELIC_F/s_reg(0) AND DELIC_F/s_reg(1) AND 
	DELIC_F/s_reg(2));
DELIC_F/s_reg_C(3) <= (clk_i AND sw_i(0));

FTCPE_DELIC_F/s_reg4: FTCPE port map (DELIC_F/s_reg(4),DELIC_F/s_reg_T(4),DELIC_F/s_reg_C(4),'0','0','1');
DELIC_F/s_reg_T(4) <= (DELIC_F/s_reg(0) AND DELIC_F/s_reg(1) AND 
	DELIC_F/s_reg(2) AND DELIC_F/s_reg(3));
DELIC_F/s_reg_C(4) <= (clk_i AND sw_i(0));

FTCPE_DELIC_F/s_reg5: FTCPE port map (DELIC_F/s_reg(5),DELIC_F/s_reg_T(5),DELIC_F/s_reg_C(5),'0','0','1');
DELIC_F/s_reg_T(5) <= ((DELIC_F/s_reg(0) AND DELIC_F/s_reg(1) AND 
	DELIC_F/s_reg(2) AND DELIC_F/s_reg(3) AND DELIC_F/s_reg(4))
	OR (DELIC_F/s_reg(0) AND DELIC_F/s_reg(1) AND 
	NOT DELIC_F/s_reg(2) AND NOT DELIC_F/s_reg(3) AND NOT DELIC_F/s_reg(4) AND 
	DELIC_F/s_reg(5) AND DELIC_F/s_reg(6)));
DELIC_F/s_reg_C(5) <= (clk_i AND sw_i(0));

FTCPE_DELIC_F/s_reg6: FTCPE port map (DELIC_F/s_reg(6),DELIC_F/s_reg_T(6),DELIC_F/s_reg_C(6),'0','0','1');
DELIC_F/s_reg_T(6) <= ((DELIC_F/s_reg(0) AND DELIC_F/s_reg(1) AND 
	DELIC_F/s_reg(2) AND DELIC_F/s_reg(3) AND DELIC_F/s_reg(4) AND 
	DELIC_F/s_reg(5))
	OR (DELIC_F/s_reg(0) AND DELIC_F/s_reg(1) AND 
	NOT DELIC_F/s_reg(2) AND NOT DELIC_F/s_reg(3) AND NOT DELIC_F/s_reg(4) AND 
	DELIC_F/s_reg(5) AND DELIC_F/s_reg(6)));
DELIC_F/s_reg_C(6) <= (clk_i AND sw_i(0));

FTCPE_DISPMUX/BINCNT/s_reg_0_0: FTCPE port map (DISPMUX/BINCNT/s_reg_0_0,'0',clk_i,'0','0','1');

FTCPE_DISPMUX/BINCNT/s_reg_0_1: FTCPE port map (DISPMUX/BINCNT/s_reg_0_1,DISPMUX/BINCNT/s_reg_0_0,clk_i,'0','0','1');

FTCPE_DISPMUX/BINCNT/s_reg_0_2: FTCPE port map (DISPMUX/BINCNT/s_reg_0_2,DISPMUX/BINCNT/s_reg_0_2_T,clk_i,'0','0','1');
DISPMUX/BINCNT/s_reg_0_2_T <= (DISPMUX/BINCNT/s_reg_0_0 AND 
	DISPMUX/BINCNT/s_reg_0_1);

FTCPE_DISPMUX/BINCNT/s_reg_0_3: FTCPE port map (DISPMUX/BINCNT/s_reg_0_3,DISPMUX/BINCNT/s_reg_0_3_T,clk_i,'0','0','1');
DISPMUX/BINCNT/s_reg_0_3_T <= (DISPMUX/BINCNT/s_reg_0_0 AND 
	DISPMUX/BINCNT/s_reg_0_1 AND DISPMUX/BINCNT/s_reg_0_2);

FTCPE_DISPMUX/BINCNT/s_reg_0_4: FTCPE port map (DISPMUX/BINCNT/s_reg_0_4,DISPMUX/BINCNT/s_reg_0_4_T,clk_i,'0','0','1');
DISPMUX/BINCNT/s_reg_0_4_T <= (DISPMUX/BINCNT/s_reg_0_0 AND 
	DISPMUX/BINCNT/s_reg_0_1 AND DISPMUX/BINCNT/s_reg_0_2 AND 
	DISPMUX/BINCNT/s_reg_0_3);

FTCPE_DISPMUX/s_clk_mux5: FTCPE port map (DISPMUX/s_clk_mux(5),DISPMUX/s_clk_mux_T(5),clk_i,'0','0','1');
DISPMUX/s_clk_mux_T(5) <= (DISPMUX/BINCNT/s_reg_0_0 AND 
	DISPMUX/BINCNT/s_reg_0_1 AND DISPMUX/BINCNT/s_reg_0_2 AND 
	DISPMUX/BINCNT/s_reg_0_3 AND DISPMUX/BINCNT/s_reg_0_4);

FTCPE_DISPMUX/s_clk_mux6: FTCPE port map (DISPMUX/s_clk_mux(6),DISPMUX/s_clk_mux_T(6),clk_i,'0','0','1');
DISPMUX/s_clk_mux_T(6) <= (DISPMUX/BINCNT/s_reg_0_0 AND DISPMUX/s_clk_mux(5) AND 
	DISPMUX/BINCNT/s_reg_0_1 AND DISPMUX/BINCNT/s_reg_0_2 AND 
	DISPMUX/BINCNT/s_reg_0_3 AND DISPMUX/BINCNT/s_reg_0_4);


N_PZ_229 <= ((NOT vystup_5(2) AND NOT vystup_5(3))
	OR (NOT vystup_5(0) AND NOT vystup_5(1) AND NOT vystup_5(3)));


disp_digit_o(0) <= NOT ((NOT DISPMUX/s_clk_mux(6) AND NOT DISPMUX/s_clk_mux(5)));


disp_digit_o(1) <= NOT ((NOT DISPMUX/s_clk_mux(6) AND DISPMUX/s_clk_mux(5)));


disp_digit_o(2) <= NOT ((DISPMUX/s_clk_mux(6) AND NOT DISPMUX/s_clk_mux(5)));


disp_digit_o(3) <= NOT ((DISPMUX/s_clk_mux(6) AND DISPMUX/s_clk_mux(5)));


disp_sseg_o(0) <= ((DISPMUX/s_clk_mux(6) AND DISPMUX/s_clk_mux(5) AND 
	NOT vystup_4(1) AND vystup_4(2) AND vystup_4(3))
	OR (DISPMUX/s_clk_mux(6) AND DISPMUX/s_clk_mux(5) AND 
	NOT vystup_4(1) AND NOT vystup_4(2) AND NOT vystup_4(3))
	OR (DISPMUX/s_clk_mux(6) AND NOT DISPMUX/s_clk_mux(5) AND 
	NOT vystup_3(1) AND vystup_3(2) AND vystup_3(3))
	OR (DISPMUX/s_clk_mux(6) AND NOT DISPMUX/s_clk_mux(5) AND 
	NOT vystup_3(1) AND NOT vystup_3(2) AND NOT vystup_3(3))
	OR (NOT DISPMUX/s_clk_mux(6) AND DISPMUX/s_clk_mux(5) AND 
	NOT vystup_2(1) AND vystup_2(2) AND vystup_2(3))
	OR (NOT DISPMUX/s_clk_mux(6) AND DISPMUX/s_clk_mux(5) AND 
	NOT vystup_2(1) AND NOT vystup_2(2) AND NOT vystup_2(3))
	OR (NOT DISPMUX/s_clk_mux(6) AND NOT DISPMUX/s_clk_mux(5) AND 
	NOT vystup_1(1) AND vystup_1(2) AND vystup_1(3))
	OR (NOT DISPMUX/s_clk_mux(6) AND NOT DISPMUX/s_clk_mux(5) AND 
	NOT vystup_1(1) AND NOT vystup_1(2) AND NOT vystup_1(3))
	OR (DISPMUX/s_clk_mux(6) AND DISPMUX/s_clk_mux(5) AND 
	vystup_4(1) AND vystup_4(0) AND vystup_4(2) AND NOT vystup_4(3))
	OR (DISPMUX/s_clk_mux(6) AND NOT DISPMUX/s_clk_mux(5) AND 
	vystup_3(0) AND vystup_3(1) AND vystup_3(2) AND NOT vystup_3(3))
	OR (NOT DISPMUX/s_clk_mux(6) AND DISPMUX/s_clk_mux(5) AND 
	vystup_2(0) AND vystup_2(1) AND vystup_2(2) AND NOT vystup_2(3))
	OR (NOT DISPMUX/s_clk_mux(6) AND NOT DISPMUX/s_clk_mux(5) AND 
	vystup_1(0) AND vystup_1(1) AND vystup_1(2) AND NOT vystup_1(3)));


disp_sseg_o(1) <= ((DISPMUX/s_clk_mux(6) AND DISPMUX/s_clk_mux(5) AND 
	vystup_4(1) AND vystup_4(0) AND NOT vystup_4(3))
	OR (DISPMUX/s_clk_mux(6) AND DISPMUX/s_clk_mux(5) AND 
	vystup_4(0) AND NOT vystup_4(2) AND NOT vystup_4(3))
	OR (DISPMUX/s_clk_mux(6) AND NOT DISPMUX/s_clk_mux(5) AND 
	vystup_3(0) AND vystup_3(1) AND NOT vystup_3(3))
	OR (NOT DISPMUX/s_clk_mux(6) AND DISPMUX/s_clk_mux(5) AND 
	vystup_2(0) AND vystup_2(1) AND NOT vystup_2(3))
	OR (NOT DISPMUX/s_clk_mux(6) AND NOT DISPMUX/s_clk_mux(5) AND 
	vystup_1(0) AND vystup_1(1) AND NOT vystup_1(3))
	OR (NOT DISPMUX/s_clk_mux(6) AND NOT DISPMUX/s_clk_mux(5) AND 
	vystup_1(0) AND NOT vystup_1(2) AND NOT vystup_1(3))
	OR (DISPMUX/s_clk_mux(6) AND DISPMUX/s_clk_mux(5) AND 
	vystup_4(1) AND NOT vystup_4(0) AND NOT vystup_4(2) AND NOT vystup_4(3))
	OR (DISPMUX/s_clk_mux(6) AND NOT DISPMUX/s_clk_mux(5) AND 
	vystup_3(0) AND NOT vystup_3(1) AND NOT vystup_3(2) AND NOT vystup_3(3))
	OR (DISPMUX/s_clk_mux(6) AND NOT DISPMUX/s_clk_mux(5) AND 
	NOT vystup_3(0) AND vystup_3(1) AND NOT vystup_3(2) AND NOT vystup_3(3))
	OR (NOT DISPMUX/s_clk_mux(6) AND DISPMUX/s_clk_mux(5) AND 
	vystup_2(0) AND NOT vystup_2(1) AND NOT vystup_2(2) AND NOT vystup_2(3))
	OR (NOT DISPMUX/s_clk_mux(6) AND DISPMUX/s_clk_mux(5) AND 
	NOT vystup_2(0) AND vystup_2(1) AND NOT vystup_2(2) AND NOT vystup_2(3))
	OR (NOT DISPMUX/s_clk_mux(6) AND NOT DISPMUX/s_clk_mux(5) AND 
	NOT vystup_1(0) AND vystup_1(1) AND NOT vystup_1(2) AND NOT vystup_1(3)));


disp_sseg_o(2) <= ((DISPMUX/s_clk_mux(6) AND DISPMUX/s_clk_mux(5) AND 
	vystup_4(0) AND NOT vystup_4(3))
	OR (DISPMUX/s_clk_mux(6) AND NOT DISPMUX/s_clk_mux(5) AND 
	vystup_3(0) AND NOT vystup_3(3))
	OR (NOT DISPMUX/s_clk_mux(6) AND DISPMUX/s_clk_mux(5) AND 
	vystup_2(0) AND NOT vystup_2(3))
	OR (NOT DISPMUX/s_clk_mux(6) AND NOT DISPMUX/s_clk_mux(5) AND 
	vystup_1(0) AND NOT vystup_1(3))
	OR (DISPMUX/s_clk_mux(6) AND DISPMUX/s_clk_mux(5) AND 
	NOT vystup_4(1) AND vystup_4(0) AND NOT vystup_4(2))
	OR (DISPMUX/s_clk_mux(6) AND NOT DISPMUX/s_clk_mux(5) AND 
	vystup_3(0) AND NOT vystup_3(1) AND NOT vystup_3(2))
	OR (NOT DISPMUX/s_clk_mux(6) AND DISPMUX/s_clk_mux(5) AND 
	vystup_2(0) AND NOT vystup_2(1) AND NOT vystup_2(2))
	OR (NOT DISPMUX/s_clk_mux(6) AND NOT DISPMUX/s_clk_mux(5) AND 
	vystup_1(0) AND NOT vystup_1(1) AND NOT vystup_1(2))
	OR (DISPMUX/s_clk_mux(6) AND DISPMUX/s_clk_mux(5) AND 
	NOT vystup_4(1) AND NOT vystup_4(0) AND vystup_4(2) AND NOT vystup_4(3))
	OR (DISPMUX/s_clk_mux(6) AND NOT DISPMUX/s_clk_mux(5) AND 
	NOT vystup_3(0) AND NOT vystup_3(1) AND vystup_3(2) AND NOT vystup_3(3))
	OR (NOT DISPMUX/s_clk_mux(6) AND DISPMUX/s_clk_mux(5) AND 
	NOT vystup_2(0) AND NOT vystup_2(1) AND vystup_2(2) AND NOT vystup_2(3))
	OR (NOT DISPMUX/s_clk_mux(6) AND NOT DISPMUX/s_clk_mux(5) AND 
	NOT vystup_1(0) AND NOT vystup_1(1) AND vystup_1(2) AND NOT vystup_1(3)));


disp_sseg_o(3) <= ((DISPMUX/s_clk_mux(6) AND DISPMUX/s_clk_mux(5) AND 
	vystup_4(1) AND vystup_4(0) AND vystup_4(2))
	OR (DISPMUX/s_clk_mux(6) AND NOT DISPMUX/s_clk_mux(5) AND 
	vystup_3(0) AND vystup_3(1) AND vystup_3(2))
	OR (NOT DISPMUX/s_clk_mux(6) AND DISPMUX/s_clk_mux(5) AND 
	vystup_2(0) AND vystup_2(1) AND vystup_2(2))
	OR (NOT DISPMUX/s_clk_mux(6) AND NOT DISPMUX/s_clk_mux(5) AND 
	vystup_1(0) AND vystup_1(1) AND vystup_1(2))
	OR (DISPMUX/s_clk_mux(6) AND DISPMUX/s_clk_mux(5) AND 
	vystup_4(1) AND NOT vystup_4(0) AND NOT vystup_4(2) AND vystup_4(3))
	OR (DISPMUX/s_clk_mux(6) AND DISPMUX/s_clk_mux(5) AND 
	NOT vystup_4(1) AND vystup_4(0) AND NOT vystup_4(2) AND NOT vystup_4(3))
	OR (DISPMUX/s_clk_mux(6) AND DISPMUX/s_clk_mux(5) AND 
	NOT vystup_4(1) AND NOT vystup_4(0) AND vystup_4(2) AND NOT vystup_4(3))
	OR (DISPMUX/s_clk_mux(6) AND NOT DISPMUX/s_clk_mux(5) AND 
	vystup_3(0) AND NOT vystup_3(1) AND NOT vystup_3(2) AND NOT vystup_3(3))
	OR (DISPMUX/s_clk_mux(6) AND NOT DISPMUX/s_clk_mux(5) AND 
	NOT vystup_3(0) AND vystup_3(1) AND NOT vystup_3(2) AND vystup_3(3))
	OR (DISPMUX/s_clk_mux(6) AND NOT DISPMUX/s_clk_mux(5) AND 
	NOT vystup_3(0) AND NOT vystup_3(1) AND vystup_3(2) AND NOT vystup_3(3))
	OR (NOT DISPMUX/s_clk_mux(6) AND DISPMUX/s_clk_mux(5) AND 
	vystup_2(0) AND NOT vystup_2(1) AND NOT vystup_2(2) AND NOT vystup_2(3))
	OR (NOT DISPMUX/s_clk_mux(6) AND DISPMUX/s_clk_mux(5) AND 
	NOT vystup_2(0) AND vystup_2(1) AND NOT vystup_2(2) AND vystup_2(3))
	OR (NOT DISPMUX/s_clk_mux(6) AND DISPMUX/s_clk_mux(5) AND 
	NOT vystup_2(0) AND NOT vystup_2(1) AND vystup_2(2) AND NOT vystup_2(3))
	OR (NOT DISPMUX/s_clk_mux(6) AND NOT DISPMUX/s_clk_mux(5) AND 
	vystup_1(0) AND NOT vystup_1(1) AND NOT vystup_1(2) AND NOT vystup_1(3))
	OR (NOT DISPMUX/s_clk_mux(6) AND NOT DISPMUX/s_clk_mux(5) AND 
	NOT vystup_1(0) AND vystup_1(1) AND NOT vystup_1(2) AND vystup_1(3))
	OR (NOT DISPMUX/s_clk_mux(6) AND NOT DISPMUX/s_clk_mux(5) AND 
	NOT vystup_1(0) AND NOT vystup_1(1) AND vystup_1(2) AND NOT vystup_1(3)));


disp_sseg_o(4) <= ((DISPMUX/s_clk_mux(6) AND DISPMUX/s_clk_mux(5) AND 
	vystup_4(1) AND vystup_4(2) AND vystup_4(3))
	OR (DISPMUX/s_clk_mux(6) AND DISPMUX/s_clk_mux(5) AND 
	NOT vystup_4(0) AND vystup_4(2) AND vystup_4(3))
	OR (DISPMUX/s_clk_mux(6) AND NOT DISPMUX/s_clk_mux(5) AND 
	NOT vystup_3(0) AND vystup_3(2) AND vystup_3(3))
	OR (DISPMUX/s_clk_mux(6) AND NOT DISPMUX/s_clk_mux(5) AND 
	vystup_3(1) AND vystup_3(2) AND vystup_3(3))
	OR (NOT DISPMUX/s_clk_mux(6) AND DISPMUX/s_clk_mux(5) AND 
	NOT vystup_2(0) AND vystup_2(2) AND vystup_2(3))
	OR (NOT DISPMUX/s_clk_mux(6) AND DISPMUX/s_clk_mux(5) AND 
	vystup_2(1) AND vystup_2(2) AND vystup_2(3))
	OR (NOT DISPMUX/s_clk_mux(6) AND NOT DISPMUX/s_clk_mux(5) AND 
	NOT vystup_1(0) AND vystup_1(2) AND vystup_1(3))
	OR (NOT DISPMUX/s_clk_mux(6) AND NOT DISPMUX/s_clk_mux(5) AND 
	vystup_1(1) AND vystup_1(2) AND vystup_1(3))
	OR (DISPMUX/s_clk_mux(6) AND DISPMUX/s_clk_mux(5) AND 
	vystup_4(1) AND NOT vystup_4(0) AND NOT vystup_4(2) AND NOT vystup_4(3))
	OR (DISPMUX/s_clk_mux(6) AND NOT DISPMUX/s_clk_mux(5) AND 
	NOT vystup_3(0) AND vystup_3(1) AND NOT vystup_3(2) AND NOT vystup_3(3))
	OR (NOT DISPMUX/s_clk_mux(6) AND DISPMUX/s_clk_mux(5) AND 
	NOT vystup_2(0) AND vystup_2(1) AND NOT vystup_2(2) AND NOT vystup_2(3))
	OR (NOT DISPMUX/s_clk_mux(6) AND NOT DISPMUX/s_clk_mux(5) AND 
	NOT vystup_1(0) AND vystup_1(1) AND NOT vystup_1(2) AND NOT vystup_1(3)));


disp_sseg_o(5) <= ((DISPMUX/s_clk_mux(6) AND DISPMUX/s_clk_mux(5) AND 
	vystup_4(1) AND NOT vystup_4(0) AND vystup_4(2))
	OR (DISPMUX/s_clk_mux(6) AND DISPMUX/s_clk_mux(5) AND 
	vystup_4(1) AND vystup_4(2) AND vystup_4(3))
	OR (DISPMUX/s_clk_mux(6) AND DISPMUX/s_clk_mux(5) AND 
	NOT vystup_4(0) AND vystup_4(2) AND vystup_4(3))
	OR (DISPMUX/s_clk_mux(6) AND NOT DISPMUX/s_clk_mux(5) AND 
	NOT vystup_3(0) AND vystup_3(1) AND vystup_3(2))
	OR (DISPMUX/s_clk_mux(6) AND NOT DISPMUX/s_clk_mux(5) AND 
	NOT vystup_3(0) AND vystup_3(2) AND vystup_3(3))
	OR (DISPMUX/s_clk_mux(6) AND NOT DISPMUX/s_clk_mux(5) AND 
	vystup_3(1) AND vystup_3(2) AND vystup_3(3))
	OR (NOT DISPMUX/s_clk_mux(6) AND DISPMUX/s_clk_mux(5) AND 
	NOT vystup_2(0) AND vystup_2(1) AND vystup_2(2))
	OR (NOT DISPMUX/s_clk_mux(6) AND DISPMUX/s_clk_mux(5) AND 
	NOT vystup_2(0) AND vystup_2(2) AND vystup_2(3))
	OR (NOT DISPMUX/s_clk_mux(6) AND DISPMUX/s_clk_mux(5) AND 
	vystup_2(1) AND vystup_2(2) AND vystup_2(3))
	OR (NOT DISPMUX/s_clk_mux(6) AND NOT DISPMUX/s_clk_mux(5) AND 
	NOT vystup_1(0) AND vystup_1(1) AND vystup_1(2))
	OR (NOT DISPMUX/s_clk_mux(6) AND NOT DISPMUX/s_clk_mux(5) AND 
	NOT vystup_1(0) AND vystup_1(2) AND vystup_1(3))
	OR (NOT DISPMUX/s_clk_mux(6) AND NOT DISPMUX/s_clk_mux(5) AND 
	vystup_1(1) AND vystup_1(2) AND vystup_1(3))
	OR (DISPMUX/s_clk_mux(6) AND DISPMUX/s_clk_mux(5) AND 
	NOT vystup_4(1) AND vystup_4(0) AND vystup_4(2) AND NOT vystup_4(3))
	OR (DISPMUX/s_clk_mux(6) AND NOT DISPMUX/s_clk_mux(5) AND 
	vystup_3(0) AND NOT vystup_3(1) AND vystup_3(2) AND NOT vystup_3(3))
	OR (NOT DISPMUX/s_clk_mux(6) AND DISPMUX/s_clk_mux(5) AND 
	vystup_2(0) AND NOT vystup_2(1) AND vystup_2(2) AND NOT vystup_2(3))
	OR (NOT DISPMUX/s_clk_mux(6) AND NOT DISPMUX/s_clk_mux(5) AND 
	vystup_1(0) AND NOT vystup_1(1) AND vystup_1(2) AND NOT vystup_1(3)));


disp_sseg_o(6) <= ((DISPMUX/s_clk_mux(6) AND DISPMUX/s_clk_mux(5) AND 
	NOT vystup_4(1) AND vystup_4(0) AND NOT vystup_4(2) AND NOT vystup_4(3))
	OR (DISPMUX/s_clk_mux(6) AND DISPMUX/s_clk_mux(5) AND 
	NOT vystup_4(1) AND NOT vystup_4(0) AND vystup_4(2) AND NOT vystup_4(3))
	OR (DISPMUX/s_clk_mux(6) AND NOT DISPMUX/s_clk_mux(5) AND 
	vystup_3(0) AND NOT vystup_3(1) AND NOT vystup_3(2) AND NOT vystup_3(3))
	OR (DISPMUX/s_clk_mux(6) AND NOT DISPMUX/s_clk_mux(5) AND 
	NOT vystup_3(0) AND NOT vystup_3(1) AND vystup_3(2) AND NOT vystup_3(3))
	OR (NOT DISPMUX/s_clk_mux(6) AND DISPMUX/s_clk_mux(5) AND 
	vystup_2(0) AND NOT vystup_2(1) AND NOT vystup_2(2) AND NOT vystup_2(3))
	OR (NOT DISPMUX/s_clk_mux(6) AND DISPMUX/s_clk_mux(5) AND 
	NOT vystup_2(0) AND NOT vystup_2(1) AND vystup_2(2) AND NOT vystup_2(3))
	OR (NOT DISPMUX/s_clk_mux(6) AND NOT DISPMUX/s_clk_mux(5) AND 
	vystup_1(0) AND NOT vystup_1(1) AND NOT vystup_1(2) AND NOT vystup_1(3))
	OR (NOT DISPMUX/s_clk_mux(6) AND NOT DISPMUX/s_clk_mux(5) AND 
	NOT vystup_1(0) AND NOT vystup_1(1) AND vystup_1(2) AND NOT vystup_1(3)));

LDCP_led_o0: LDCP port map (led_o(0),led_o_D(0),N_PZ_229,'0','0');
led_o_D(0) <= (NOT vystup_5(2) AND NOT vystup_5(0) AND NOT vystup_5(1) AND 
	NOT vystup_5(3));

LDCP_led_o1: LDCP port map (led_o(1),led_o_D(1),N_PZ_229,'0','0');
led_o_D(1) <= (NOT vystup_5(2) AND NOT vystup_5(1) AND NOT vystup_5(3));

LDCP_led_o2: LDCP port map (led_o(2),led_o_D(2),N_PZ_229,'0','0');
led_o_D(2) <= ((NOT vystup_5(2) AND NOT vystup_5(0) AND NOT vystup_5(3))
	OR (NOT vystup_5(2) AND NOT vystup_5(1) AND NOT vystup_5(3)));

LDCP_led_o3: LDCP port map (led_o(3),led_o_D(3),N_PZ_229,'0','0');
led_o_D(3) <= (NOT vystup_5(2) AND NOT vystup_5(3));

FTCPE_vystup_10: FTCPE port map (vystup_1(0),'0',vystup_1_C(0),NOT btn_i<0>,'0','1');
vystup_1_C(0) <= NOT ((DELIC_F/s_reg(0) AND DELIC_F/s_reg(1) AND 
	NOT DELIC_F/s_reg(2) AND NOT DELIC_F/s_reg(3) AND NOT DELIC_F/s_reg(4) AND 
	DELIC_F/s_reg(5) AND DELIC_F/s_reg(6)));

FTCPE_vystup_11: FTCPE port map (vystup_1(1),vystup_1_T(1),vystup_1_C(1),NOT btn_i<0>,'0','1');
vystup_1_T(1) <= NOT (((NOT vystup_1(0))
	OR (NOT vystup_1(1) AND NOT vystup_1(2) AND vystup_1(3))));
vystup_1_C(1) <= NOT ((DELIC_F/s_reg(0) AND DELIC_F/s_reg(1) AND 
	NOT DELIC_F/s_reg(2) AND NOT DELIC_F/s_reg(3) AND NOT DELIC_F/s_reg(4) AND 
	DELIC_F/s_reg(5) AND DELIC_F/s_reg(6)));

FTCPE_vystup_12: FTCPE port map (vystup_1(2),vystup_1_T(2),vystup_1_C(2),NOT btn_i<0>,'0','1');
vystup_1_T(2) <= (vystup_1(0) AND vystup_1(1));
vystup_1_C(2) <= NOT ((DELIC_F/s_reg(0) AND DELIC_F/s_reg(1) AND 
	NOT DELIC_F/s_reg(2) AND NOT DELIC_F/s_reg(3) AND NOT DELIC_F/s_reg(4) AND 
	DELIC_F/s_reg(5) AND DELIC_F/s_reg(6)));

FTCPE_vystup_13: FTCPE port map (vystup_1(3),vystup_1_T(3),vystup_1_C(3),NOT btn_i<0>,'0','1');
vystup_1_T(3) <= ((vystup_1(0) AND vystup_1(1) AND vystup_1(2))
	OR (vystup_1(0) AND NOT vystup_1(1) AND NOT vystup_1(2) AND 
	vystup_1(3)));
vystup_1_C(3) <= NOT ((DELIC_F/s_reg(0) AND DELIC_F/s_reg(1) AND 
	NOT DELIC_F/s_reg(2) AND NOT DELIC_F/s_reg(3) AND NOT DELIC_F/s_reg(4) AND 
	DELIC_F/s_reg(5) AND DELIC_F/s_reg(6)));

FTCPE_vystup_20: FTCPE port map (vystup_2(0),'0',vystup_2_C(0),NOT btn_i<0>,'0','1');
vystup_2_C(0) <= NOT ((vystup_1(0) AND NOT vystup_1(1) AND NOT vystup_1(2) AND 
	vystup_1(3)));

FTCPE_vystup_21: FTCPE port map (vystup_2(1),vystup_2_T(1),vystup_2_C(1),NOT btn_i<0>,'0','1');
vystup_2_T(1) <= NOT (((NOT vystup_2(0))
	OR (NOT vystup_2(1) AND NOT vystup_2(2) AND vystup_2(3))));
vystup_2_C(1) <= NOT ((vystup_1(0) AND NOT vystup_1(1) AND NOT vystup_1(2) AND 
	vystup_1(3)));

FTCPE_vystup_22: FTCPE port map (vystup_2(2),vystup_2_T(2),vystup_2_C(2),NOT btn_i<0>,'0','1');
vystup_2_T(2) <= (vystup_2(0) AND vystup_2(1));
vystup_2_C(2) <= NOT ((vystup_1(0) AND NOT vystup_1(1) AND NOT vystup_1(2) AND 
	vystup_1(3)));

FTCPE_vystup_23: FTCPE port map (vystup_2(3),vystup_2_T(3),vystup_2_C(3),NOT btn_i<0>,'0','1');
vystup_2_T(3) <= ((vystup_2(0) AND vystup_2(1) AND vystup_2(2))
	OR (vystup_2(0) AND NOT vystup_2(1) AND NOT vystup_2(2) AND 
	vystup_2(3)));
vystup_2_C(3) <= NOT ((vystup_1(0) AND NOT vystup_1(1) AND NOT vystup_1(2) AND 
	vystup_1(3)));

FTCPE_vystup_30: FTCPE port map (vystup_3(0),'0',vystup_3_C(0),NOT btn_i<0>,'0','1');
vystup_3_C(0) <= NOT ((vystup_2(0) AND NOT vystup_2(1) AND NOT vystup_2(2) AND 
	vystup_2(3)));

FTCPE_vystup_31: FTCPE port map (vystup_3(1),vystup_3_T(1),vystup_3_C(1),NOT btn_i<0>,'0','1');
vystup_3_T(1) <= NOT (((NOT vystup_3(0))
	OR (NOT vystup_3(1) AND NOT vystup_3(2) AND vystup_3(3))));
vystup_3_C(1) <= NOT ((vystup_2(0) AND NOT vystup_2(1) AND NOT vystup_2(2) AND 
	vystup_2(3)));

FTCPE_vystup_32: FTCPE port map (vystup_3(2),vystup_3_T(2),vystup_3_C(2),NOT btn_i<0>,'0','1');
vystup_3_T(2) <= (vystup_3(0) AND vystup_3(1));
vystup_3_C(2) <= NOT ((vystup_2(0) AND NOT vystup_2(1) AND NOT vystup_2(2) AND 
	vystup_2(3)));

FTCPE_vystup_33: FTCPE port map (vystup_3(3),vystup_3_T(3),vystup_3_C(3),NOT btn_i<0>,'0','1');
vystup_3_T(3) <= ((vystup_3(0) AND vystup_3(1) AND vystup_3(2))
	OR (vystup_3(0) AND NOT vystup_3(1) AND NOT vystup_3(2) AND 
	vystup_3(3)));
vystup_3_C(3) <= NOT ((vystup_2(0) AND NOT vystup_2(1) AND NOT vystup_2(2) AND 
	vystup_2(3)));

FTCPE_vystup_40: FTCPE port map (vystup_4(0),'0',vystup_4_C(0),NOT btn_i<0>,'0','1');
vystup_4_C(0) <= NOT ((vystup_3(0) AND NOT vystup_3(1) AND NOT vystup_3(2) AND 
	vystup_3(3)));

FTCPE_vystup_41: FTCPE port map (vystup_4(1),vystup_4_T(1),vystup_4_C(1),NOT btn_i<0>,'0','1');
vystup_4_T(1) <= NOT (((NOT vystup_4(0))
	OR (NOT vystup_4(1) AND vystup_4(2) AND NOT vystup_4(3))));
vystup_4_C(1) <= NOT ((vystup_3(0) AND NOT vystup_3(1) AND NOT vystup_3(2) AND 
	vystup_3(3)));

FTCPE_vystup_42: FTCPE port map (vystup_4(2),vystup_4_T(2),vystup_4_C(2),NOT btn_i<0>,'0','1');
vystup_4_T(2) <= ((vystup_4(1) AND vystup_4(0))
	OR (vystup_4(0) AND vystup_4(2) AND NOT vystup_4(3)));
vystup_4_C(2) <= NOT ((vystup_3(0) AND NOT vystup_3(1) AND NOT vystup_3(2) AND 
	vystup_3(3)));

FTCPE_vystup_43: FTCPE port map (vystup_4(3),vystup_4_T(3),vystup_4_C(3),NOT btn_i<0>,'0','1');
vystup_4_T(3) <= (vystup_4(1) AND vystup_4(0) AND vystup_4(2));
vystup_4_C(3) <= NOT ((vystup_3(0) AND NOT vystup_3(1) AND NOT vystup_3(2) AND 
	vystup_3(3)));

FTCPE_vystup_50: FTCPE port map (vystup_5(0),vystup_5_T(0),vystup_5_C(0),NOT btn_i<0>,'0','1');
vystup_5_T(0) <= NOT ((vystup_5(2) AND NOT vystup_5(0) AND NOT vystup_5(1) AND 
	NOT vystup_5(3)));
vystup_5_C(0) <= NOT ((NOT vystup_4(1) AND vystup_4(0) AND vystup_4(2) AND 
	NOT vystup_4(3)));

FTCPE_vystup_51: FTCPE port map (vystup_5(1),vystup_5(0),vystup_5_C(1),NOT btn_i<0>,'0','1');
vystup_5_C(1) <= NOT ((NOT vystup_4(1) AND vystup_4(0) AND vystup_4(2) AND 
	NOT vystup_4(3)));

FTCPE_vystup_52: FTCPE port map (vystup_5(2),vystup_5_T(2),vystup_5_C(2),NOT btn_i<0>,'0','1');
vystup_5_T(2) <= ((vystup_5(0) AND vystup_5(1))
	OR (vystup_5(2) AND NOT vystup_5(0) AND NOT vystup_5(1) AND 
	NOT vystup_5(3)));
vystup_5_C(2) <= NOT ((NOT vystup_4(1) AND vystup_4(0) AND vystup_4(2) AND 
	NOT vystup_4(3)));

FTCPE_vystup_53: FTCPE port map (vystup_5(3),vystup_5_T(3),vystup_5_C(3),NOT btn_i<0>,'0','1');
vystup_5_T(3) <= (vystup_5(2) AND vystup_5(0) AND vystup_5(1));
vystup_5_C(3) <= NOT ((NOT vystup_4(1) AND vystup_4(0) AND vystup_4(2) AND 
	NOT vystup_4(3)));


Register Legend:
 FDCPE (Q,D,C,CLR,PRE,CE); 
 FDDCPE (Q,D,C,CLR,PRE,CE); 
 FTCPE (Q,D,C,CLR,PRE,CE); 
 FTDCPE (Q,D,C,CLR,PRE,CE); 
 LDCP  (Q,D,G,CLR,PRE); 

******************************  Device Pin Out *****************************

Device : XC2C256-6-TQ144


Pin Signal                         Pin Signal                        
No. Name                           No. Name                          
  1 VCC                              73 VCCIO-1.8                     
  2 KPR                              74 KPR                           
  3 KPR                              75 KPR                           
  4 KPR                              76 KPR                           
  5 KPR                              77 KPR                           
  6 KPR                              78 KPR                           
  7 KPR                              79 KPR                           
  8 VCCAUX                           80 KPR                           
  9 KPR                              81 KPR                           
 10 KPR                              82 KPR                           
 11 KPR                              83 KPR                           
 12 KPR                              84 VCC                           
 13 KPR                              85 KPR                           
 14 KPR                              86 KPR                           
 15 KPR                              87 KPR                           
 16 KPR                              88 KPR                           
 17 KPR                              89 GND                           
 18 KPR                              90 GND                           
 19 KPR                              91 KPR                           
 20 KPR                              92 KPR                           
 21 KPR                              93 VCCIO-1.8                     
 22 KPR                              94 KPR                           
 23 KPR                              95 KPR                           
 24 KPR                              96 KPR                           
 25 KPR                              97 KPR                           
 26 KPR                              98 KPR                           
 27 VCCIO-1.8                        99 GND                           
 28 KPR                             100 KPR                           
 29 GND                             101 KPR                           
 30 KPR                             102 KPR                           
 31 KPR                             103 KPR                           
 32 KPR                             104 KPR                           
 33 KPR                             105 KPR                           
 34 KPR                             106 KPR                           
 35 KPR                             107 KPR                           
 36 GND                             108 GND                           
 37 VCC                             109 VCCIO-1.8                     
 38 clk_i                           110 KPR                           
 39 sw_i<0>                         111 KPR                           
 40 KPR                             112 KPR                           
 41 KPR                             113 KPR                           
 42 KPR                             114 KPR                           
 43 KPR                             115 KPR                           
 44 KPR                             116 KPR                           
 45 KPR                             117 KPR                           
 46 KPR                             118 KPR                           
 47 GND                             119 KPR                           
 48 KPR                             120 KPR                           
 49 KPR                             121 KPR                           
 50 KPR                             122 TDO                           
 51 KPR                             123 GND                           
 52 KPR                             124 KPR                           
 53 disp_sseg_o<5>                  125 KPR                           
 54 disp_sseg_o<1>                  126 disp_digit_o<0>               
 55 VCCIO-1.8                       127 VCCIO-1.8                     
 56 disp_sseg_o<6>                  128 disp_digit_o<1>               
 57 disp_sseg_o<2>                  129 disp_digit_o<2>               
 58 disp_sseg_o<3>                  130 disp_digit_o<3>               
 59 KPR                             131 KPR                           
 60 disp_sseg_o<4>                  132 KPR                           
 61 disp_sseg_o<0>                  133 KPR                           
 62 GND                             134 KPR                           
 63 TDI                             135 KPR                           
 64 led_o<3>                        136 KPR                           
 65 TMS                             137 KPR                           
 66 led_o<2>                        138 KPR                           
 67 TCK                             139 KPR                           
 68 led_o<1>                        140 KPR                           
 69 led_o<0>                        141 VCCIO-1.8                     
 70 KPR                             142 KPR                           
 71 KPR                             143 btn_i<0>                      
 72 GND                             144 GND                           


Legend :  NC  = Not Connected, unbonded pin
        PGND  = Unused I/O configured as additional Ground pin
         KPR  = Unused I/O with weak keeper (leave unconnected)
         WPU  = Unused I/O with weak pull up (leave unconnected)
         TIE  = Unused I/O floating -- must tie to VCC, GND or other signal
         VCC  = Dedicated Power Pin
      VCCAUX  = Power supply for JTAG pins
   VCCIO-3.3  = I/O supply voltage for LVTTL, LVCMOS33, SSTL3_I
   VCCIO-2.5  = I/O supply voltage for LVCMOS25, SSTL2_I
   VCCIO-1.8  = I/O supply voltage for LVCMOS18
   VCCIO-1.5  = I/O supply voltage for LVCMOS15, HSTL_I
        VREF  = Reference voltage for indicated input standard
       *VREF  = Reference voltage pin selected by software
         GND  = Dedicated Ground Pin
         TDI  = Test Data In, JTAG pin
         TDO  = Test Data Out, JTAG pin
         TCK  = Test Clock, JTAG pin
         TMS  = Test Mode Select, JTAG pin
  PROHIBITED  = User reserved pin
****************************  Compiler Options  ****************************

Following is a list of all global compiler options used by the fitter run.

Device(s) Specified                         : xc2c256-6-TQ144
Optimization Method                         : DENSITY
Multi-Level Logic Optimization              : ON
Ignore Timing Specifications                : OFF
Default Register Power Up Value             : LOW
Keep User Location Constraints              : ON
What-You-See-Is-What-You-Get                : OFF
Exhaustive Fitting                          : OFF
Keep Unused Inputs                          : OFF
Slew Rate                                   : FAST
Set Unused I/O Pin Termination              : KEEPER
Global Clock Optimization                   : ON
Global Set/Reset Optimization               : ON
Global Ouput Enable Optimization            : ON
Enable Input Registers                      : ON
Function Block Fan-in Limit                 : 38
Use DATA_GATE Attribute                     : ON
Set Tristate Outputs to Termination Mode    : KEEPER
Default Voltage Standard for All Outputs    : LVCMOS18
Input Limit                                 : 32
Pterm Limit                                 : 28
